15:32:36 : Phoenix Uploader Started..
15:41:33 : Uploading Quote 'AWL-19-0136' 
15:41:47 : Phoenix Uploader Started..
15:42:49 : Uploading Quote 'AWL-19-0136' 
15:43:00 : Filling Supp Ref 
15:43:03 : Filling quote validity date 
15:43:06 : Filling latest delivery days 
15:43:07 : Filling currency 
15:43:14 : Filling Mode of Transport 
15:43:14 : Filling Delivery Terms
15:43:14 : Filling Payterms
15:43:16 : Save Quote Header Details 
15:43:18 : Filling extra charges..
15:43:19 : Save Quote Header Details 
15:43:32 : Filling Quote Remarks 
15:43:32 : Open Remarks Popup.. 
15:45:14 : Reload WebPage 
15:45:18 : Filling items 
15:46:22 : Phoenix Uploader Started..
15:49:42 : Uploading Quote 'AWL-19-0136' 
15:49:56 : Filling Supp Ref 
15:49:58 : Filling quote validity date 
15:50:01 : Filling latest delivery days 
15:50:02 : Filling currency 
15:50:10 : Filling Mode of Transport 
15:50:10 : Filling Delivery Terms
15:50:10 : Filling Payterms
15:50:12 : Save Quote Header Details 
15:50:14 : Filling extra charges..
15:50:15 : Save Quote Header Details 
15:50:27 : Filling Quote Remarks 
15:50:27 : Open Remarks Popup.. 
15:54:54 : Reload WebPage 
15:54:59 : Filling items 
